0 info it worked if it ends with ok
1 verbose cli [ 'node',
1 verbose cli   'C:\\Users\\Acer\\AppData\\Roaming\\npm\\node_modules\\cnpm\\node_modules\\npm\\bin\\npm-cli.js',
1 verbose cli   '--userconfig=C:\\Users\\Acer\\.cnpmrc',
1 verbose cli   '--disturl=https://npm.taobao.org/mirrors/node',
1 verbose cli   '--cache=C:\\Users\\Acer\\.cnpm',
1 verbose cli   '--registry=https://registry.npm.taobao.org',
1 verbose cli   '--node-gyp=C:\\Users\\Acer\\AppData\\Roaming\\npm\\node_modules\\cnpm\\node_modules\\node-gyp\\bin\\node-gyp.js',
1 verbose cli   'pack' ]
2 info using npm@2.14.5
3 info using node@v0.12.2
4 silly cache add args [ '.', null ]
5 verbose cache add spec .
6 silly cache add parsed spec { raw: '.',
6 silly cache add   scope: null,
6 silly cache add   name: null,
6 silly cache add   rawSpec: '.',
6 silly cache add   spec: 'D:\\PX\\PX3',
6 silly cache add   type: 'local' }
7 error addLocal Could not install D:\PX\PX3
8 verbose stack Error: EISDIR, read
8 verbose stack     at Error (native)
9 verbose cwd D:\PX\PX3
10 error Windows_NT 6.3.9600
11 error argv "node" "C:\\Users\\Acer\\AppData\\Roaming\\npm\\node_modules\\cnpm\\node_modules\\npm\\bin\\npm-cli.js" "--userconfig=C:\\Users\\Acer\\.cnpmrc" "--disturl=https://npm.taobao.org/mirrors/node" "--cache=C:\\Users\\Acer\\.cnpm" "--registry=https://registry.npm.taobao.org" "--node-gyp=C:\\Users\\Acer\\AppData\\Roaming\\npm\\node_modules\\cnpm\\node_modules\\node-gyp\\bin\\node-gyp.js" "pack"
12 error node v0.12.2
13 error npm  v2.14.5
14 error code EISDIR
15 error errno -4068
16 error eisdir EISDIR, read
16 error eisdir This is most likely not a problem with npm itself
16 error eisdir and is related to npm not being able to find a package.json in
16 error eisdir a package you are trying to install.
17 verbose exit [ -4068, true ]
